<?xml version="1.0" encoding="UTF-8"?>
<testng-results ignored="0" total="1" passed="1" failed="0" skipped="0">
  <reporter-output>
  </reporter-output>
  <suite started-at="2022-08-23T20:48:12 IST" name="Default suite" finished-at="2022-08-23T20:48:12 IST" duration-ms="96">
    <groups>
    </groups>
    <test started-at="2022-08-23T20:48:12 IST" name="Default test" finished-at="2022-08-23T20:48:12 IST" duration-ms="96">
      <class name="testpackage.test1">
        <test-method signature="ttest2()[pri:0, instance:testpackage.test1@12b0404f]" started-at="2022-08-23T20:48:12 IST" name="ttest2" finished-at="2022-08-23T20:48:12 IST" duration-ms="16" status="PASS">
          <reporter-output>
          </reporter-output>
        </test-method> <!-- ttest2 -->
      </class> <!-- testpackage.test1 -->
    </test> <!-- Default test -->
  </suite> <!-- Default suite -->
</testng-results>
